#
# A fatal error has been detected by the Java Runtime Environment:
#
#  EXCEPTION_ACCESS_VIOLATION (0xc0000005) at pc=0x0000000064e1d761, pid=6808, tid=6960
#
# JRE version: Java(TM) SE Runtime Environment (8.0_40-b26) (build 1.8.0_40-b26)
# Java VM: Java HotSpot(TM) 64-Bit Server VM (25.40-b25 mixed mode windows-amd64 compressed oops)
# Problematic frame:
# V  [jvm.dll+0xbd761]
#
# Failed to write core dump. Minidumps are not enabled by default on client versions of Windows
#
# If you would like to submit a bug report, please visit:
#   http://bugreport.java.com/bugreport/crash.jsp
#

---------------  T H R E A D  ---------------

Current thread (0x0000000058dfb000):  JavaThread "Daemon worker Thread 2" [_thread_in_vm, id=6960, stack(0x00000000596e0000,0x00000000597e0000)]

siginfo: ExceptionCode=0xc0000005, reading address 0xffffffffffffffff

Registers:
RAX=0x000083b7eafcf0f4, RBX=0x0010000f000c0000, RCX=0x00000000597da990, RDX=0x0010000f000c0000
RSP=0x00000000597da7d0, RBP=0x0000000058dfb000, RSI=0x00000000597daab0, RDI=0x0000000000000000
R8 =0x00000000583b55e0, R9 =0x0000000000000000, R10=0x000000005accfcc8, R11=0x0010000f000c0000
R12=0x0000000000000001, R13=0x00000000597dab70, R14=0x00000000583b55e0, R15=0x0000000000000000
RIP=0x0000000064e1d761, EFLAGS=0x0000000000010202

Top of Stack: (sp=0x00000000597da7d0)
0x00000000597da7d0:   00000000c095c600 00000000c095c260
0x00000000597da7e0:   0000000000000000 00000000c095c260
0x00000000597da7f0:   00000000c095c600 00000000ed4c71c8
0x00000000597da800:   00000000597da8a8 00000000ed4c8488
0x00000000597da810:   000000005c33bb42 0000000058dfb000
0x00000000597da820:   00000000597da8a8 0000000002a97a50
0x00000000597da830:   00000000c095c100 0000000014a61d10
0x00000000597da840:   00000000597da8a8 0000000002a97cc1
0x00000000597da850:   0000000000000108 0000000064e5397b
0x00000000597da860:   0000000014a71950 0000000058dfb000
0x00000000597da870:   0000000000000001 0000000058dfb000
0x00000000597da880:   00000000ed4c84b0 0000000064f144ec
0x00000000597da890:   0000000014a71950 0000000000000001
0x00000000597da8a0:   0000000058dfb000 0000000000000000
0x00000000597da8b0:   00000000ed4c84b0 0000000064eea8a5
0x00000000597da8c0:   0000000058dfb000 0000000058184138 

Instructions: (pc=0x0000000064e1d761)
0x0000000064e1d741:   89 54 24 10 57 41 54 48 81 ec 68 01 00 00 48 8b
0x0000000064e1d751:   05 3a c4 71 00 48 33 c4 48 89 84 24 20 01 00 00
0x0000000064e1d761:   8b 82 9c 00 00 00 4c 8b a4 24 b0 01 00 00 48 8b
0x0000000064e1d771:   f9 c1 e8 09 4c 89 64 24 38 a8 01 0f b6 84 24 a8 


Register to memory mapping:

RAX=0x000083b7eafcf0f4 is an unknown value
RBX=0x0010000f000c0000 is an unknown value
RCX=0x00000000597da990 is pointing into the stack for thread: 0x0000000058dfb000
RDX=0x0010000f000c0000 is an unknown value
RSP=0x00000000597da7d0 is pointing into the stack for thread: 0x0000000058dfb000
RBP=0x0000000058dfb000 is a thread
RSI=0x00000000597daab0 is pointing into the stack for thread: 0x0000000058dfb000
RDI=0x0000000000000000 is an unknown value
R8 =0x00000000583b55e0 is an unknown value
R9 =0x0000000000000000 is an unknown value
R10=0x000000005accfcc8 is pointing into metadata
R11=0x0010000f000c0000 is an unknown value
R12=0x0000000000000001 is an unknown value
R13=0x00000000597dab70 is pointing into the stack for thread: 0x0000000058dfb000
R14=0x00000000583b55e0 is an unknown value
R15=0x0000000000000000 is an unknown value


Stack: [0x00000000596e0000,0x00000000597e0000],  sp=0x00000000597da7d0,  free space=1001k
Native frames: (J=compiled Java code, j=interpreted, Vv=VM code, C=native code)
V  [jvm.dll+0xbd761]
V  [jvm.dll+0xc102d]
V  [jvm.dll+0xc1bf9]
V  [jvm.dll+0xc2348]
V  [jvm.dll+0xba7a6]
C  0x0000000002ab1dfe

Java frames: (J=compiled Java code, j=interpreted, Vv=VM code)
j  com.google.common.collect.ImmutableMapEntry.<init>(Ljava/lang/Object;Ljava/lang/Object;)V+3
j  com.google.common.collect.ImmutableMapEntry$TerminalEntry.<init>(Ljava/lang/Object;Ljava/lang/Object;)V+3
j  com.google.common.collect.RegularImmutableMap.<init>([Ljava/util/Map$Entry;)V+117
j  com.google.common.collect.ImmutableMap.copyOf(Ljava/util/Map;)Lcom/google/common/collect/ImmutableMap;+117
j  com.google.common.reflect.TypeResolver$TypeMappingIntrospector.getTypeMappings(Ljava/lang/reflect/Type;)Lcom/google/common/collect/ImmutableMap;+30
j  com.google.common.reflect.TypeResolver.accordingTo(Ljava/lang/reflect/Type;)Lcom/google/common/reflect/TypeResolver;+8
j  com.google.common.reflect.TypeToken.resolveType(Ljava/lang/reflect/Type;)Lcom/google/common/reflect/TypeToken;+19
j  com.google.common.reflect.TypeToken.<init>(Ljava/lang/Class;)V+30
j  org.gradle.model.internal.inspect.AbstractAnnotationDrivenMethodRuleDefinitionHandler$1.<init>(Lorg/gradle/model/internal/inspect/AbstractAnnotationDrivenMethodRuleDefinitionHandler;Ljava/lang/Class;)V+7
j  org.gradle.model.internal.inspect.AbstractAnnotationDrivenMethodRuleDefinitionHandler.<init>()V+13
j  org.gradle.platform.base.internal.registry.AbstractAnnotationDrivenMethodComponentRuleDefinitionHandler.<init>()V+1
j  org.gradle.platform.base.internal.registry.ComponentModelRuleDefinitionHandler.<init>(Ljava/lang/String;Ljava/lang/Class;Ljava/lang/Class;Ljava/lang/Class;Ljava/lang/Class;Lorg/gradle/internal/Factory;Lorg/gradle/api/Action;)V+1
j  org.gradle.platform.base.internal.registry.ComponentTypeRuleDefinitionHandler.<init>(Lorg/gradle/internal/reflect/Instantiator;)V+40
j  org.gradle.platform.base.internal.registry.ComponentModelBaseServiceRegistry$ProjectScopeServices.createComponentModelPluginInspector(Lorg/gradle/internal/reflect/Instantiator;)Lorg/gradle/model/internal/inspect/MethodRuleDefinitionHandler;+5
v  ~StubRoutines::call_stub
J 2474  sun.reflect.NativeMethodAccessorImpl.invoke0(Ljava/lang/reflect/Method;Ljava/lang/Object;[Ljava/lang/Object;)Ljava/lang/Object; (0 bytes) @ 0x000000000336537f [0x0000000003365300+0x7f]
J 2473 C1 sun.reflect.NativeMethodAccessorImpl.invoke(Ljava/lang/Object;[Ljava/lang/Object;)Ljava/lang/Object; (104 bytes) @ 0x0000000003368024 [0x0000000003367ca0+0x384]
J 6128 C2 java.lang.reflect.Method.invoke(Ljava/lang/Object;[Ljava/lang/Object;)Ljava/lang/Object; (62 bytes) @ 0x0000000002bd8a34 [0x0000000002bd89c0+0x74]
J 3990 C1 org.gradle.internal.reflect.JavaMethod.invoke(Ljava/lang/Object;[Ljava/lang/Object;)Ljava/lang/Object; (74 bytes) @ 0x000000000387c084 [0x000000000387c000+0x84]
J 4008 C1 org.gradle.internal.service.DefaultServiceRegistry$FactoryMethodService.invokeMethod([Ljava/lang/Object;)Ljava/lang/Object; (141 bytes) @ 0x000000000388949c [0x0000000003889320+0x17c]
J 3820 C1 org.gradle.internal.service.DefaultServiceRegistry$FactoryService.create()Ljava/lang/Object; (18 bytes) @ 0x00000000037a5284 [0x00000000037a5200+0x84]
J 2392 C1 org.gradle.internal.service.DefaultServiceRegistry$ManagedObjectProvider.getInstance()Ljava/lang/Object; (57 bytes) @ 0x00000000033448c4 [0x0000000003344840+0x84]
J 6277 C1 org.gradle.internal.service.DefaultServiceRegistry$SingletonService.get()Ljava/lang/Object; (5 bytes) @ 0x0000000003320ff4 [0x0000000003320f00+0xf4]
J 2332 C1 org.gradle.internal.service.DefaultServiceRegistry$SingletonService.getAll(Lorg/gradle/internal/service/DefaultServiceRegistry$LookupContext;Ljava/lang/Class;Ljava/util/List;)V (33 bytes) @ 0x000000000330b3cc [0x000000000330b0a0+0x32c]
j  org.gradle.internal.service.DefaultServiceRegistry$OwnServices.getAll(Lorg/gradle/internal/service/DefaultServiceRegistry$LookupContext;Ljava/lang/Class;Ljava/util/List;)V+38
j  org.gradle.internal.service.DefaultServiceRegistry$CompositeProvider.getAll(Lorg/gradle/internal/service/DefaultServiceRegistry$LookupContext;Ljava/lang/Class;Ljava/util/List;)V+38
j  org.gradle.internal.service.DefaultServiceRegistry.getAll(Ljava/lang/Class;)Ljava/util/List;+71
j  org.gradle.internal.service.scopes.ProjectScopeServices.createPluginModelRuleExtractor()Lorg/gradle/api/internal/plugins/PluginApplicationAction;+4
v  ~StubRoutines::call_stub
J 2474  sun.reflect.NativeMethodAccessorImpl.invoke0(Ljava/lang/reflect/Method;Ljava/lang/Object;[Ljava/lang/Object;)Ljava/lang/Object; (0 bytes) @ 0x000000000336537f [0x0000000003365300+0x7f]
J 2473 C1 sun.reflect.NativeMethodAccessorImpl.invoke(Ljava/lang/Object;[Ljava/lang/Object;)Ljava/lang/Object; (104 bytes) @ 0x0000000003368024 [0x0000000003367ca0+0x384]
J 6128 C2 java.lang.reflect.Method.invoke(Ljava/lang/Object;[Ljava/lang/Object;)Ljava/lang/Object; (62 bytes) @ 0x0000000002bd8a34 [0x0000000002bd89c0+0x74]
J 3990 C1 org.gradle.internal.reflect.JavaMethod.invoke(Ljava/lang/Object;[Ljava/lang/Object;)Ljava/lang/Object; (74 bytes) @ 0x000000000387c084 [0x000000000387c000+0x84]
J 4008 C1 org.gradle.internal.service.DefaultServiceRegistry$FactoryMethodService.invokeMethod([Ljava/lang/Object;)Ljava/lang/Object; (141 bytes) @ 0x000000000388949c [0x0000000003889320+0x17c]
J 3820 C1 org.gradle.internal.service.DefaultServiceRegistry$FactoryService.create()Ljava/lang/Object; (18 bytes) @ 0x00000000037a5284 [0x00000000037a5200+0x84]
J 2392 C1 org.gradle.internal.service.DefaultServiceRegistry$ManagedObjectProvider.getInstance()Ljava/lang/Object; (57 bytes) @ 0x00000000033448c4 [0x0000000003344840+0x84]
J 6277 C1 org.gradle.internal.service.DefaultServiceRegistry$SingletonService.get()Ljava/lang/Object; (5 bytes) @ 0x0000000003320ff4 [0x0000000003320f00+0xf4]
J 2332 C1 org.gradle.internal.service.DefaultServiceRegistry$SingletonService.getAll(Lorg/gradle/internal/service/DefaultServiceRegistry$LookupContext;Ljava/lang/Class;Ljava/util/List;)V (33 bytes) @ 0x000000000330b3cc [0x000000000330b0a0+0x32c]
j  org.gradle.internal.service.DefaultServiceRegistry$OwnServices.getAll(Lorg/gradle/internal/service/DefaultServiceRegistry$LookupContext;Ljava/lang/Class;Ljava/util/List;)V+38
j  org.gradle.internal.service.DefaultServiceRegistry$CompositeProvider.getAll(Lorg/gradle/internal/service/DefaultServiceRegistry$LookupContext;Ljava/lang/Class;Ljava/util/List;)V+38
j  org.gradle.internal.service.DefaultServiceRegistry.getAll(Ljava/lang/Class;)Ljava/util/List;+71
j  org.gradle.internal.service.scopes.ProjectScopeServices.createPluginContainer()Lorg/gradle/api/plugins/PluginContainer;+4
v  ~StubRoutines::call_stub
J 2474  sun.reflect.NativeMethodAccessorImpl.invoke0(Ljava/lang/reflect/Method;Ljava/lang/Object;[Ljava/lang/Object;)Ljava/lang/Object; (0 bytes) @ 0x000000000336537f [0x0000000003365300+0x7f]
J 2473 C1 sun.reflect.NativeMethodAccessorImpl.invoke(Ljava/lang/Object;[Ljava/lang/Object;)Ljava/lang/Object; (104 bytes) @ 0x0000000003368024 [0x0000000003367ca0+0x384]
J 6128 C2 java.lang.reflect.Method.invoke(Ljava/lang/Object;[Ljava/lang/Object;)Ljava/lang/Object; (62 bytes) @ 0x0000000002bd8a34 [0x0000000002bd89c0+0x74]
J 3990 C1 org.gradle.internal.reflect.JavaMethod.invoke(Ljava/lang/Object;[Ljava/lang/Object;)Ljava/lang/Object; (74 bytes) @ 0x000000000387c084 [0x000000000387c000+0x84]
J 4008 C1 org.gradle.internal.service.DefaultServiceRegistry$FactoryMethodService.invokeMethod([Ljava/lang/Object;)Ljava/lang/Object; (141 bytes) @ 0x000000000388949c [0x0000000003889320+0x17c]
J 3820 C1 org.gradle.internal.service.DefaultServiceRegistry$FactoryService.create()Ljava/lang/Object; (18 bytes) @ 0x00000000037a5284 [0x00000000037a5200+0x84]
J 2392 C1 org.gradle.internal.service.DefaultServiceRegistry$ManagedObjectProvider.getInstance()Ljava/lang/Object; (57 bytes) @ 0x00000000033448c4 [0x0000000003344840+0x84]
J 6277 C1 org.gradle.internal.service.DefaultServiceRegistry$SingletonService.get()Ljava/lang/Object; (5 bytes) @ 0x0000000003320ff4 [0x0000000003320f00+0xf4]
J 2331 C1 org.gradle.internal.service.DefaultServiceRegistry.doGet(Ljava/lang/reflect/Type;)Ljava/lang/Object; (119 bytes) @ 0x00000000033080f4 [0x0000000003306680+0x1a74]
J 3211 C1 org.gradle.internal.service.DefaultServiceRegistry.get(Ljava/lang/reflect/Type;)Ljava/lang/Object; (6 bytes) @ 0x00000000035fc124 [0x00000000035fc0c0+0x64]
j  org.gradle.api.internal.project.DefaultProject_Decorated.getPlugins()Lorg/gradle/api/plugins/PluginContainer;+28
j  org.gradle.api.plugins.internal.HelpTasksAutoApplyAction.execute(Lorg/gradle/api/internal/project/ProjectInternal;)V+1
j  org.gradle.api.plugins.internal.HelpTasksAutoApplyAction.execute(Ljava/lang/Object;)V+5
j  org.gradle.configuration.project.PluginsProjectConfigureActions.execute(Lorg/gradle/api/internal/project/ProjectInternal;)V+37
j  org.gradle.configuration.project.PluginsProjectConfigureActions.execute(Ljava/lang/Object;)V+5
j  org.gradle.configuration.project.ConfigureActionsProjectEvaluator.evaluate(Lorg/gradle/api/internal/project/ProjectInternal;Lorg/gradle/api/internal/project/ProjectStateInternal;)V+33
j  org.gradle.configuration.project.LifecycleProjectEvaluator.evaluate(Lorg/gradle/api/internal/project/ProjectInternal;Lorg/gradle/api/internal/project/ProjectStateInternal;)V+54
j  org.gradle.api.internal.project.AbstractProject.evaluate()Lorg/gradle/api/internal/project/AbstractProject;+9
j  org.gradle.api.internal.project.AbstractProject.evaluate()Lorg/gradle/api/Project;+1
j  org.gradle.execution.TaskPathProjectEvaluator.configure(Lorg/gradle/api/internal/project/ProjectInternal;)V+21
j  org.gradle.configuration.DefaultBuildConfigurer.configure(Lorg/gradle/api/internal/GradleInternal;)V+32
j  org.gradle.initialization.DefaultGradleLauncher.doBuildStages(Lorg/gradle/initialization/DefaultGradleLauncher$Stage;)V+85
j  org.gradle.initialization.DefaultGradleLauncher.doBuild(Lorg/gradle/initialization/DefaultGradleLauncher$Stage;)Lorg/gradle/BuildResult;+27
j  org.gradle.initialization.DefaultGradleLauncher.run()Lorg/gradle/BuildResult;+4
j  org.gradle.launcher.exec.InProcessBuildActionExecuter$DefaultBuildController.run()Lorg/gradle/api/internal/GradleInternal;+5
j  org.gradle.tooling.internal.provider.BuildModelAction.run(Lorg/gradle/initialization/BuildController;)Lorg/gradle/tooling/internal/provider/BuildActionResult;+15
j  org.gradle.tooling.internal.provider.BuildModelAction.run(Lorg/gradle/initialization/BuildController;)Ljava/lang/Object;+2
j  org.gradle.tooling.internal.provider.ConfiguringBuildAction.run(Lorg/gradle/initialization/BuildController;)Ljava/lang/Object;+15
j  org.gradle.launcher.exec.InProcessBuildActionExecuter.execute(Lorg/gradle/initialization/BuildAction;Lorg/gradle/initialization/BuildCancellationToken;Lorg/gradle/launcher/exec/BuildActionParameters;)Ljava/lang/Object;+19
j  org.gradle.launcher.exec.InProcessBuildActionExecuter.execute(Lorg/gradle/initialization/BuildAction;Lorg/gradle/initialization/BuildCancellationToken;Ljava/lang/Object;)Ljava/lang/Object;+7
j  org.gradle.launcher.daemon.server.exec.ExecuteBuild.doBuild(Lorg/gradle/launcher/daemon/server/exec/DaemonCommandExecution;Lorg/gradle/launcher/daemon/protocol/Build;)V+47
j  org.gradle.launcher.daemon.server.exec.BuildCommandOnly.execute(Lorg/gradle/launcher/daemon/server/exec/DaemonCommandExecution;)V+49
j  org.gradle.launcher.daemon.server.exec.DaemonCommandExecution.proceed()Z+28
j  org.gradle.launcher.daemon.server.exec.WatchForDisconnection.execute(Lorg/gradle/launcher/daemon/server/exec/DaemonCommandExecution;)V+19
j  org.gradle.launcher.daemon.server.exec.DaemonCommandExecution.proceed()Z+28
j  org.gradle.launcher.daemon.server.exec.ResetDeprecationLogger.execute(Lorg/gradle/launcher/daemon/server/exec/DaemonCommandExecution;)V+4
j  org.gradle.launcher.daemon.server.exec.DaemonCommandExecution.proceed()Z+28
j  org.gradle.launcher.daemon.server.exec.StartStopIfBuildAndStop.execute(Lorg/gradle/launcher/daemon/server/exec/DaemonCommandExecution;)V+34
j  org.gradle.launcher.daemon.server.exec.DaemonCommandExecution.proceed()Z+28
j  org.gradle.launcher.daemon.server.exec.ForwardClientInput$2.call()Ljava/lang/Void;+4
j  org.gradle.launcher.daemon.server.exec.ForwardClientInput$2.call()Ljava/lang/Object;+1
j  org.gradle.util.Swapper.swap(Ljava/lang/Object;Ljava/util/concurrent/Callable;)Ljava/lang/Object;+21
j  org.gradle.launcher.daemon.server.exec.ForwardClientInput.execute(Lorg/gradle/launcher/daemon/server/exec/DaemonCommandExecution;)V+63
j  org.gradle.launcher.daemon.server.exec.DaemonCommandExecution.proceed()Z+28
j  org.gradle.launcher.daemon.server.exec.LogToClient.doBuild(Lorg/gradle/launcher/daemon/server/exec/DaemonCommandExecution;Lorg/gradle/launcher/daemon/protocol/Build;)V+92
j  org.gradle.launcher.daemon.server.exec.BuildCommandOnly.execute(Lorg/gradle/launcher/daemon/server/exec/DaemonCommandExecution;)V+49
j  org.gradle.launcher.daemon.server.exec.DaemonCommandExecution.proceed()Z+28
j  org.gradle.launcher.daemon.server.exec.EstablishBuildEnvironment.doBuild(Lorg/gradle/launcher/daemon/server/exec/DaemonCommandExecution;Lorg/gradle/launcher/daemon/protocol/Build;)V+237
j  org.gradle.launcher.daemon.server.exec.BuildCommandOnly.execute(Lorg/gradle/launcher/daemon/server/exec/DaemonCommandExecution;)V+49
j  org.gradle.launcher.daemon.server.exec.DaemonCommandExecution.proceed()Z+28
j  org.gradle.launcher.daemon.server.exec.DaemonHygieneAction.execute(Lorg/gradle/launcher/daemon/server/exec/DaemonCommandExecution;)V+1
j  org.gradle.launcher.daemon.server.exec.DaemonCommandExecution.proceed()Z+28
j  org.gradle.launcher.daemon.server.exec.StartBuildOrRespondWithBusy$1.run()V+44
j  org.gradle.launcher.daemon.server.DaemonStateCoordinator$1.run()V+4
j  org.gradle.internal.concurrent.DefaultExecutorFactory$StoppableExecutorImpl$1.run()V+18
j  java.util.concurrent.ThreadPoolExecutor.runWorker(Ljava/util/concurrent/ThreadPoolExecutor$Worker;)V+95
j  java.util.concurrent.ThreadPoolExecutor$Worker.run()V+5
j  java.lang.Thread.run()V+11
v  ~StubRoutines::call_stub

---------------  P R O C E S S  ---------------

Java Threads: ( => current thread )
  0x0000000058dfc000 JavaThread "Stdin handler" [_thread_blocked, id=2456, stack(0x00000000595b0000,0x00000000596b0000)]
=>0x0000000058dfb000 JavaThread "Daemon worker Thread 2" [_thread_in_vm, id=6960, stack(0x00000000596e0000,0x00000000597e0000)]
  0x0000000058dfa800 JavaThread "Cancel handler" [_thread_blocked, id=5484, stack(0x0000000057140000,0x0000000057240000)]
  0x0000000058df9800 JavaThread "Handler for socket connection from /127.0.0.1:49659 to /127.0.0.1:50095" [_thread_in_native, id=4832, stack(0x00000000590f0000,0x00000000591f0000)]
  0x0000000058df9000 JavaThread "Daemon Thread 2" [_thread_blocked, id=6720, stack(0x0000000059430000,0x0000000059530000)]
  0x000000005a511800 JavaThread "File lock request listener" [_thread_in_native, id=7412, stack(0x000000005f1b0000,0x000000005f2b0000)]
  0x0000000058299000 JavaThread "Incoming local TCP Connector on port 49659" [_thread_in_native, id=4268, stack(0x00000000574f0000,0x00000000575f0000)]
  0x000000005545e800 JavaThread "Service Thread" daemon [_thread_blocked, id=7304, stack(0x00000000573e0000,0x00000000574e0000)]
  0x0000000056879000 JavaThread "C1 CompilerThread2" daemon [_thread_blocked, id=6980, stack(0x0000000057250000,0x0000000057350000)]
  0x0000000056878000 JavaThread "C2 CompilerThread1" daemon [_thread_in_native, id=4168, stack(0x0000000057010000,0x0000000057110000)]
  0x0000000056872800 JavaThread "C2 CompilerThread0" daemon [_thread_in_native, id=7112, stack(0x0000000056450000,0x0000000056550000)]
  0x0000000055451000 JavaThread "Attach Listener" daemon [_thread_blocked, id=5884, stack(0x0000000056e50000,0x0000000056f50000)]
  0x0000000055455800 JavaThread "Signal Dispatcher" daemon [_thread_blocked, id=6784, stack(0x0000000056cf0000,0x0000000056df0000)]
  0x00000000553fc800 JavaThread "Finalizer" daemon [_thread_blocked, id=1740, stack(0x0000000056760000,0x0000000056860000)]
  0x00000000553f6000 JavaThread "Reference Handler" daemon [_thread_blocked, id=7100, stack(0x00000000565f0000,0x00000000566f0000)]
  0x00000000026af000 JavaThread "main" [_thread_blocked, id=5024, stack(0x0000000002990000,0x0000000002a90000)]

Other Threads:
  0x00000000553f0800 VMThread [stack: 0x0000000056330000,0x0000000056430000] [id=7400]
  0x00000000568d9800 WatcherThread [stack: 0x0000000057630000,0x0000000057730000] [id=7836]

VM state:not at safepoint (normal execution)

VM Mutex/Monitor currently owned by a thread: None

Heap:
 PSYoungGen      total 158208K, used 43246K [0x00000000eab00000, 0x00000000f6580000, 0x0000000100000000)
  eden space 133120K, 32% used [0x00000000eab00000,0x00000000ed53b9f8,0x00000000f2d00000)
  from space 25088K, 0% used [0x00000000f2d00000,0x00000000f2d00000,0x00000000f4580000)
  to   space 27136K, 0% used [0x00000000f4b00000,0x00000000f4b00000,0x00000000f6580000)
 ParOldGen       total 113664K, used 41572K [0x00000000c0000000, 0x00000000c6f00000, 0x00000000eab00000)
  object space 113664K, 36% used [0x00000000c0000000,0x00000000c2899160,0x00000000c6f00000)
 Metaspace       used 48855K, capacity 50478K, committed 50816K, reserved 1093632K
  class space    used 6552K, capacity 7172K, committed 7296K, reserved 1048576K

Card table byte_map: [0x0000000011e50000,0x0000000012060000] byte_map_base: 0x0000000011850000

Marking Bits: (ParMarkBitMap*) 0x0000000065564040
 Begin Bits: [0x0000000012860000, 0x0000000013860000)
 End Bits:   [0x0000000013860000, 0x0000000014860000)

Polling page: 0x0000000000330000

CodeCache: size=245760Kb used=17264Kb max_used=17340Kb free=228495Kb
 bounds [0x0000000002a90000, 0x0000000003bf0000, 0x0000000011a90000]
 total_blobs=6006 nmethods=5315 adapters=602
 compilation: enabled

Compilation events (10 events):
Event: 9403.351 Thread 0x0000000056879000 6280       3       org.gradle.messaging.remote.internal.inet.SocketConnection$SocketOutputStream::write (75 bytes)
Event: 9403.352 Thread 0x0000000056879000 nmethod 6280 0x0000000003878ed0 code [0x0000000003879080, 0x00000000038796b8]
Event: 9403.352 Thread 0x0000000056879000 6282       3       sun.net.www.protocol.jar.JarURLConnection::getUseCaches (8 bytes)
Event: 9403.352 Thread 0x0000000056879000 nmethod 6282 0x000000000348a890 code [0x000000000348aa00, 0x000000000348ac28]
Event: 9403.356 Thread 0x0000000056879000 6283       3       java.net.URLClassLoader$3::next (73 bytes)
Event: 9403.357 Thread 0x0000000056879000 nmethod 6283 0x00000000033d21d0 code [0x00000000033d23a0, 0x00000000033d29f8]
Event: 9403.358 Thread 0x0000000056879000 6285       3       java.nio.Buffer::discardMark (6 bytes)
Event: 9403.358 Thread 0x0000000056879000 nmethod 6285 0x0000000002bbc310 code [0x0000000002bbc460, 0x0000000002bbc5b0]
Event: 9403.359 Thread 0x0000000056879000 6286       3       org.gradle.internal.service.DefaultServiceRegistry$ManagedObjectProvider::getInstance (57 bytes)
Event: 9403.359 Thread 0x0000000056879000 nmethod 6286 0x00000000039d1c10 code [0x00000000039d1d80, 0x00000000039d2008]

GC Heap History (10 events):
Event: 7.368 GC heap before
{Heap before GC invocations=10 (full 2):
 PSYoungGen      total 129024K, used 12272K [0x00000000eab00000, 0x00000000f3f80000, 0x0000000100000000)
  eden space 116736K, 0% used [0x00000000eab00000,0x00000000eab00000,0x00000000f1d00000)
  from space 12288K, 99% used [0x00000000f2d00000,0x00000000f38fc040,0x00000000f3900000)
  to   space 16384K, 0% used [0x00000000f1d00000,0x00000000f1d00000,0x00000000f2d00000)
 ParOldGen       total 66560K, used 15136K [0x00000000c0000000, 0x00000000c4100000, 0x00000000eab00000)
  object space 66560K, 22% used [0x00000000c0000000,0x00000000c0ec80a0,0x00000000c4100000)
 Metaspace       used 34401K, capacity 35388K, committed 35456K, reserved 1079296K
  class space    used 4579K, capacity 4984K, committed 4992K, reserved 1048576K
Event: 7.523 GC heap after
Heap after GC invocations=10 (full 2):
 PSYoungGen      total 129024K, used 0K [0x00000000eab00000, 0x00000000f3f80000, 0x0000000100000000)
  eden space 116736K, 0% used [0x00000000eab00000,0x00000000eab00000,0x00000000f1d00000)
  from space 12288K, 0% used [0x00000000f2d00000,0x00000000f2d00000,0x00000000f3900000)
  to   space 16384K, 0% used [0x00000000f1d00000,0x00000000f1d00000,0x00000000f2d00000)
 ParOldGen       total 113664K, used 23145K [0x00000000c0000000, 0x00000000c6f00000, 0x00000000eab00000)
  object space 113664K, 20% used [0x00000000c0000000,0x00000000c169a400,0x00000000c6f00000)
 Metaspace       used 34401K, capacity 35388K, committed 35456K, reserved 1079296K
  class space    used 4579K, capacity 4984K, committed 4992K, reserved 1048576K
}
Event: 9.286 GC heap before
{Heap before GC invocations=11 (full 2):
 PSYoungGen      total 129024K, used 116736K [0x00000000eab00000, 0x00000000f3f80000, 0x0000000100000000)
  eden space 116736K, 100% used [0x00000000eab00000,0x00000000f1d00000,0x00000000f1d00000)
  from space 12288K, 0% used [0x00000000f2d00000,0x00000000f2d00000,0x00000000f3900000)
  to   space 16384K, 0% used [0x00000000f1d00000,0x00000000f1d00000,0x00000000f2d00000)
 ParOldGen       total 113664K, used 23145K [0x00000000c0000000, 0x00000000c6f00000, 0x00000000eab00000)
  object space 113664K, 20% used [0x00000000c0000000,0x00000000c169a400,0x00000000c6f00000)
 Metaspace       used 38183K, capacity 39490K, committed 39680K, reserved 1083392K
  class space    used 5121K, capacity 5577K, committed 5632K, reserved 1048576K
Event: 9.309 GC heap after
Heap after GC invocations=11 (full 2):
 PSYoungGen      total 133120K, used 16344K [0x00000000eab00000, 0x00000000f5800000, 0x0000000100000000)
  eden space 116736K, 0% used [0x00000000eab00000,0x00000000eab00000,0x00000000f1d00000)
  from space 16384K, 99% used [0x00000000f1d00000,0x00000000f2cf60e0,0x00000000f2d00000)
  to   space 18944K, 0% used [0x00000000f4580000,0x00000000f4580000,0x00000000f5800000)
 ParOldGen       total 113664K, used 23153K [0x00000000c0000000, 0x00000000c6f00000, 0x00000000eab00000)
  object space 113664K, 20% used [0x00000000c0000000,0x00000000c169c400,0x00000000c6f00000)
 Metaspace       used 38183K, capacity 39490K, committed 39680K, reserved 1083392K
  class space    used 5121K, capacity 5577K, committed 5632K, reserved 1048576K
}
Event: 14.945 GC heap before
{Heap before GC invocations=12 (full 2):
 PSYoungGen      total 133120K, used 133080K [0x00000000eab00000, 0x00000000f5800000, 0x0000000100000000)
  eden space 116736K, 100% used [0x00000000eab00000,0x00000000f1d00000,0x00000000f1d00000)
  from space 16384K, 99% used [0x00000000f1d00000,0x00000000f2cf60e0,0x00000000f2d00000)
  to   space 18944K, 0% used [0x00000000f4580000,0x00000000f4580000,0x00000000f5800000)
 ParOldGen       total 113664K, used 23153K [0x00000000c0000000, 0x00000000c6f00000, 0x00000000eab00000)
  object space 113664K, 20% used [0x00000000c0000000,0x00000000c169c400,0x00000000c6f00000)
 Metaspace       used 48445K, capacity 49968K, committed 50176K, reserved 1091584K
  class space    used 6499K, capacity 7062K, committed 7168K, reserved 1048576K
Event: 14.983 GC heap after
Heap after GC invocations=12 (full 2):
 PSYoungGen      total 152064K, used 18938K [0x00000000eab00000, 0x00000000f6180000, 0x0000000100000000)
  eden space 133120K, 0% used [0x00000000eab00000,0x00000000eab00000,0x00000000f2d00000)
  from space 18944K, 99% used [0x00000000f4580000,0x00000000f57fe940,0x00000000f5800000)
  to   space 25088K, 0% used [0x00000000f2d00000,0x00000000f2d00000,0x00000000f4580000)
 ParOldGen       total 113664K, used 32436K [0x00000000c0000000, 0x00000000c6f00000, 0x00000000eab00000)
  object space 113664K, 28% used [0x00000000c0000000,0x00000000c1fad358,0x00000000c6f00000)
 Metaspace       used 48445K, capacity 49968K, committed 50176K, reserved 1091584K
  class space    used 6499K, capacity 7062K, committed 7168K, reserved 1048576K
}
Event: 15.152 GC heap before
{Heap before GC invocations=13 (full 2):
 PSYoungGen      total 152064K, used 32997K [0x00000000eab00000, 0x00000000f6180000, 0x0000000100000000)
  eden space 133120K, 10% used [0x00000000eab00000,0x00000000eb8bab98,0x00000000f2d00000)
  from space 18944K, 99% used [0x00000000f4580000,0x00000000f57fe940,0x00000000f5800000)
  to   space 25088K, 0% used [0x00000000f2d00000,0x00000000f2d00000,0x00000000f4580000)
 ParOldGen       total 113664K, used 32436K [0x00000000c0000000, 0x00000000c6f00000, 0x00000000eab00000)
  object space 113664K, 28% used [0x00000000c0000000,0x00000000c1fad358,0x00000000c6f00000)
 Metaspace       used 48680K, capacity 50150K, committed 50432K, reserved 1093632K
  class space    used 6536K, capacity 7098K, committed 7168K, reserved 1048576K
Event: 15.180 GC heap after
Heap after GC invocations=13 (full 2):
 PSYoungGen      total 158208K, used 19261K [0x00000000eab00000, 0x00000000f6580000, 0x0000000100000000)
  eden space 133120K, 0% used [0x00000000eab00000,0x00000000eab00000,0x00000000f2d00000)
  from space 25088K, 76% used [0x00000000f2d00000,0x00000000f3fcf668,0x00000000f4580000)
  to   space 27136K, 0% used [0x00000000f4b00000,0x00000000f4b00000,0x00000000f6580000)
 ParOldGen       total 113664K, used 32444K [0x00000000c0000000, 0x00000000c6f00000, 0x00000000eab00000)
  object space 113664K, 28% used [0x00000000c0000000,0x00000000c1faf358,0x00000000c6f00000)
 Metaspace       used 48680K, capacity 50150K, committed 50432K, reserved 1093632K
  class space    used 6536K, capacity 7098K, committed 7168K, reserved 1048576K
}
Event: 15.180 GC heap before
{Heap before GC invocations=14 (full 3):
 PSYoungGen      total 158208K, used 19261K [0x00000000eab00000, 0x00000000f6580000, 0x0000000100000000)
  eden space 133120K, 0% used [0x00000000eab00000,0x00000000eab00000,0x00000000f2d00000)
  from space 25088K, 76% used [0x00000000f2d00000,0x00000000f3fcf668,0x00000000f4580000)
  to   space 27136K, 0% used [0x00000000f4b00000,0x00000000f4b00000,0x00000000f6580000)
 ParOldGen       total 113664K, used 32444K [0x00000000c0000000, 0x00000000c6f00000, 0x00000000eab00000)
  object space 113664K, 28% used [0x00000000c0000000,0x00000000c1faf358,0x00000000c6f00000)
 Metaspace       used 48680K, capacity 50150K, committed 50432K, reserved 1093632K
  class space    used 6536K, capacity 7098K, committed 7168K, reserved 1048576K
Event: 15.533 GC heap after
Heap after GC invocations=14 (full 3):
 PSYoungGen      total 158208K, used 0K [0x00000000eab00000, 0x00000000f6580000, 0x0000000100000000)
  eden space 133120K, 0% used [0x00000000eab00000,0x00000000eab00000,0x00000000f2d00000)
  from space 25088K, 0% used [0x00000000f2d00000,0x00000000f2d00000,0x00000000f4580000)
  to   space 27136K, 0% used [0x00000000f4b00000,0x00000000f4b00000,0x00000000f6580000)
 ParOldGen       total 113664K, used 41572K [0x00000000c0000000, 0x00000000c6f00000, 0x00000000eab00000)
  object space 113664K, 36% used [0x00000000c0000000,0x00000000c2899160,0x00000000c6f00000)
 Metaspace       used 48647K, capacity 50036K, committed 50432K, reserved 1093632K
  class space    used 6528K, capacity 7064K, committed 7168K, reserved 1048576K
}

Deoptimization events (10 events):
Event: 14.589 Thread 0x00000000580c9800 Uncommon trap: reason=bimorphic action=maybe_recompile pc=0x0000000002ef1468 method=java.io.DataInputStream.readFully([BII)V @ 34
Event: 14.655 Thread 0x00000000580c9800 Uncommon trap: reason=unstable_if action=reinterpret pc=0x00000000030ff8ec method=java.lang.CharacterDataLatin1.isWhitespace(I)Z @ 14
Event: 14.693 Thread 0x00000000580c9800 Uncommon trap: reason=unstable_if action=reinterpret pc=0x0000000003160f5c method=java.security.CodeSource.getCertificates()[Ljava/security/cert/Certificate; @ 22
Event: 14.694 Thread 0x00000000580c9800 Uncommon trap: reason=unstable_if action=reinterpret pc=0x00000000033df2e4 method=java.security.CodeSource.matchCerts(Ljava/security/CodeSource;Z)Z @ 11
Event: 14.717 Thread 0x00000000580c9800 Uncommon trap: reason=unstable_if action=reinterpret pc=0x0000000002c7316c method=java.util.LinkedHashMap.get(Ljava/lang/Object;)Ljava/lang/Object; @ 20
Event: 14.869 Thread 0x00000000580c9800 Uncommon trap: reason=class_check action=maybe_recompile pc=0x0000000003896c84 method=java.util.AbstractList$Itr.hasNext()Z @ 8
Event: 14.869 Thread 0x00000000580c9800 Uncommon trap: reason=class_check action=maybe_recompile pc=0x0000000002be82b4 method=java.util.AbstractList$Itr.next()Ljava/lang/Object; @ 14
Event: 14.901 Thread 0x00000000580c9800 Uncommon trap: reason=class_check action=maybe_recompile pc=0x0000000003896c84 method=java.util.AbstractList$Itr.hasNext()Z @ 8
Event: 14.901 Thread 0x00000000580c9800 Uncommon trap: reason=class_check action=maybe_recompile pc=0x0000000002be82b4 method=java.util.AbstractList$Itr.next()Ljava/lang/Object; @ 14
Event: 9402.815 Thread 0x0000000058dfb000 Uncommon trap: reason=unstable_if action=reinterpret pc=0x0000000003071f28 method=org.codehaus.groovy.antlr.UnicodeEscapingReader.read()I @ 66

Internal exceptions (10 events):
Event: 15.094 Thread 0x00000000580c9800 Exception <a 'java/lang/ClassNotFoundException': com/android/build/gradle/internal/LibraryCacheCustomizer> (0x00000000eb00f9e8) thrown at [D:\re\workspace\8-2-build-windows-amd64-cygwin\jdk8u40\3098\hotspot\src\share\vm\classfile\systemDictionary.cpp, linedÁ›ç/@
Event: 15.555 Thread 0x0000000058302000 Exception <a 'java/lang/NoSuchMethodError': <clinit>> (0x00000000ead12f70) thrown at [D:\re\workspace\8-2-build-windows-amd64-cygwin\jdk8u40\3098\hotspot\src\share\vm\prims\jni.cpp, line 1598]
Event: 15.555 Thread 0x0000000058302000 Exception <a 'java/lang/NoSuchMethodError': <clinit>> (0x00000000ead14260) thrown at [D:\re\workspace\8-2-build-windows-amd64-cygwin\jdk8u40\3098\hotspot\src\share\vm\prims\jni.cpp, line 1598]
Event: 15.555 Thread 0x0000000058302000 Exception <a 'java/lang/NoSuchMethodError': <clinit>> (0x00000000ead1d7f8) thrown at [D:\re\workspace\8-2-build-windows-amd64-cygwin\jdk8u40\3098\hotspot\src\share\vm\prims\jni.cpp, line 1598]
Event: 15.556 Thread 0x0000000058302000 Exception <a 'java/lang/NoSuchMethodError': <clinit>> (0x00000000ead25fb8) thrown at [D:\re\workspace\8-2-build-windows-amd64-cygwin\jdk8u40\3098\hotspot\src\share\vm\prims\jni.cpp, line 1598]
Event: 15.567 Thread 0x0000000058309800 Exception <a 'java/lang/NoSuchMethodError': <clinit>> (0x00000000eaebb088) thrown at [D:\re\workspace\8-2-build-windows-amd64-cygwin\jdk8u40\3098\hotspot\src\share\vm\prims\jni.cpp, line 1598]
Event: 9403.248 Thread 0x0000000058dfb000 Exception <a 'java/lang/ClassNotFoundException': asLocalRepo2185496917760902260_37btbgq222vrheq4fpzo30tztBeanInfo> (0x00000000ed0b9ce0) thrown at [D:\re\workspace\8-2-build-windows-amd64-cygwin\jdk8u40\3098\hotspot\src\share\vm\classfile\systemDictionary.câLhÚŸ]Â@
Event: 9403.249 Thread 0x0000000058dfb000 Exception <a 'java/lang/ClassNotFoundException': asLocalRepo2185496917760902260_37btbgq222vrheq4fpzo30tztCustomizer> (0x00000000ed0c4a78) thrown at [D:\re\workspace\8-2-build-windows-amd64-cygwin\jdk8u40\3098\hotspot\src\share\vm\classfile\systemDictionaryÅ•ô©]Â@
Event: 9403.321 Thread 0x0000000058dfb000 Exception <a 'java/lang/ClassNotFoundException': settings_b814lwz3zfi3ip14gmfgnjkziBeanInfo> (0x00000000ed3afe50) thrown at [D:\re\workspace\8-2-build-windows-amd64-cygwin\jdk8u40\3098\hotspot\src\share\vm\classfile\systemDictionary.cpp, line 210]
Event: 9403.321 Thread 0x0000000058dfb000 Exception <a 'java/lang/ClassNotFoundException': settings_b814lwz3zfi3ip14gmfgnjkziCustomizer> (0x00000000ed3b7bd8) thrown at [D:\re\workspace\8-2-build-windows-amd64-cygwin\jdk8u40\3098\hotspot\src\share\vm\classfile\systemDictionary.cpp, line 210]

Events (10 events):
Event: 9403.358 Thread 0x0000000056879000 flushing nmethod 0x0000000002cccf90
Event: 9403.358 Thread 0x0000000056879000 flushing nmethod 0x0000000002cd4850
Event: 9403.358 Thread 0x0000000056879000 flushing nmethod 0x0000000002cea8d0
Event: 9403.359 Thread 0x0000000056879000 flushing nmethod 0x0000000002d4da10
Event: 9403.359 Thread 0x0000000056879000 flushing nmethod 0x0000000002d74b50
Event: 9403.359 Thread 0x0000000056879000 flushing nmethod 0x0000000002d83d90
Event: 9403.359 Thread 0x0000000056879000 flushing nmethod 0x0000000002d89150
Event: 9403.359 Thread 0x0000000056879000 flushing nmethod 0x0000000002d8d410
Event: 9403.359 Thread 0x0000000056879000 flushing nmethod 0x0000000002d90490
Event: 9403.359 Thread 0x0000000056879000 flushing nmethod 0x0000000002e0a310


Dynamic libraries:
0x000000013f7c0000 - 0x000000013f7f7000 	C:\Program Files\Java\jdk1.8.0_40\bin\java.exe
0x0000000077800000 - 0x00000000779a8000 	C:\Windows\SYSTEM32\ntdll.dll
0x00000000775e0000 - 0x00000000776ff000 	C:\Windows\system32\kernel32.dll
0x000007fefc900000 - 0x000007fefc96c000 	C:\Windows\system32\KERNELBASE.dll
0x000007fefd990000 - 0x000007fefda6b000 	C:\Windows\system32\ADVAPI32.dll
0x000007fefdae0000 - 0x000007fefdb7f000 	C:\Windows\system32\msvcrt.dll
0x000007fefd6a0000 - 0x000007fefd6bf000 	C:\Windows\SYSTEM32\sechost.dll
0x000007fefd860000 - 0x000007fefd98d000 	C:\Windows\system32\RPCRT4.dll
0x0000000077700000 - 0x00000000777fa000 	C:\Windows\system32\USER32.dll
0x000007fefda70000 - 0x000007fefdad7000 	C:\Windows\system32\GDI32.dll
0x000007fefe910000 - 0x000007fefe91e000 	C:\Windows\system32\LPK.dll
0x000007fefebc0000 - 0x000007fefec89000 	C:\Windows\system32\USP10.dll
0x000007fefb3b0000 - 0x000007fefb5a4000 	C:\Windows\WinSxS\amd64_microsoft.windows.common-controls_6595b64144ccf1df_6.0.7601.17514_none_fa396087175ac9ac\COMCTL32.dll
0x000007fefec90000 - 0x000007fefed01000 	C:\Windows\system32\SHLWAPI.dll
0x000007fefd480000 - 0x000007fefd4ae000 	C:\Windows\system32\IMM32.DLL
0x000007fefd510000 - 0x000007fefd619000 	C:\Windows\system32\MSCTF.dll
0x0000000062450000 - 0x0000000062522000 	C:\Program Files\Java\jdk1.8.0_40\jre\bin\msvcr100.dll
0x0000000064d60000 - 0x00000000655e3000 	C:\Program Files\Java\jdk1.8.0_40\jre\bin\server\jvm.dll
0x000007feec9d0000 - 0x000007feec9d9000 	C:\Windows\system32\WSOCK32.dll
0x000007fefe920000 - 0x000007fefe96d000 	C:\Windows\system32\WS2_32.dll
0x000007fefd1f0000 - 0x000007fefd1f8000 	C:\Windows\system32\NSI.dll
0x000007fefa610000 - 0x000007fefa64b000 	C:\Windows\system32\WINMM.dll
0x000007fefb8a0000 - 0x000007fefb8ac000 	C:\Windows\system32\VERSION.dll
0x00000000779d0000 - 0x00000000779d7000 	C:\Windows\system32\PSAPI.DLL
0x0000000070450000 - 0x000000007045f000 	C:\Program Files\Java\jdk1.8.0_40\jre\bin\verify.dll
0x0000000070420000 - 0x0000000070449000 	C:\Program Files\Java\jdk1.8.0_40\jre\bin\java.dll
0x000000006fd60000 - 0x000000006fd76000 	C:\Program Files\Java\jdk1.8.0_40\jre\bin\zip.dll
0x000007fefdb80000 - 0x000007fefe909000 	C:\Windows\system32\SHELL32.dll
0x000007fefcfe0000 - 0x000007fefd1e3000 	C:\Windows\system32\ole32.dll
0x000007fefc7d0000 - 0x000007fefc7df000 	C:\Windows\system32\profapi.dll
0x000007fefc000000 - 0x000007fefc018000 	C:\Windows\system32\CRYPTSP.dll
0x000007fefbd00000 - 0x000007fefbd47000 	C:\Windows\system32\rsaenh.dll
0x000007fefcb60000 - 0x000007fefcb7e000 	C:\Windows\system32\USERENV.dll
0x000007fefc660000 - 0x000007fefc66f000 	C:\Windows\system32\CRYPTBASE.dll
0x000000006fd80000 - 0x000000006fd9a000 	C:\Program Files\Java\jdk1.8.0_40\jre\bin\net.dll
0x000007fefbfa0000 - 0x000007fefbff5000 	C:\Windows\system32\mswsock.dll
0x000007fefbf90000 - 0x000007fefbf97000 	C:\Windows\System32\wship6.dll
0x000007fef9c50000 - 0x000007fef9c77000 	C:\Windows\system32\IPHLPAPI.DLL
0x000007fef9c40000 - 0x000007fef9c4b000 	C:\Windows\system32\WINNSI.DLL
0x000007fef9710000 - 0x000007fef9728000 	C:\Windows\system32\dhcpcsvc.DLL
0x000007fef96f0000 - 0x000007fef9701000 	C:\Windows\system32\dhcpcsvc6.DLL
0x000000006ddc0000 - 0x000000006ddd1000 	C:\Program Files\Java\jdk1.8.0_40\jre\bin\nio.dll
0x000007fef67f0000 - 0x000007fef6802000 	C:\Users\nakayama.nobuo\AppData\Local\Temp\native-platform5077259163378436024dir\native-platform.dll
0x000007fefc600000 - 0x000007fefc657000 	C:\Windows\system32\apphelp.dll
0x000007fee38d0000 - 0x000007fee39f5000 	C:\Windows\system32\dbghelp.dll

VM Arguments:
jvm_args: -XX:MaxPermSize=256m -XX:+HeapDumpOnOutOfMemoryError -Xmx1024m -Dfile.encoding=windows-31j -Duser.country=JP -Duser.language=ja -Duser.variant 
java_command: org.gradle.launcher.daemon.bootstrap.GradleDaemon 2.2.1 C:\Users\nakayama.nobuo\.gradle\daemon 10800000 cc3d4cc1-b08c-44a5-a881-378fbb712e88 -XX:MaxPermSize=256m -XX:+HeapDumpOnOutOfMemoryError -Xmx1024m -Dfile.encoding=windows-31j -Duser.country=JP -Duser.language=ja -Duser.variant
java_class_path (initial): C:\Program Files\Android\Android Studio\gradle\gradle-2.2.1\lib\gradle-launcher-2.2.1.jar
Launcher Type: SUN_STANDARD

Environment Variables:
PATH=C:\ProgramData\Oracle\Java\javapath;c:\Program Files (x86)\Intel\iCLS Client\;c:\Program Files\Intel\iCLS Client\;C:\Windows\system32;C:\Windows;C:\Windows\System32\Wbem;C:\Windows\System32\WindowsPowerShell\v1.0\;C:\Program Files\Intel\Intel(R) Management Engine Components\DAL;C:\Program Files\Intel\Intel(R) Management Engine Components\IPT;C:\Program Files (x86)\Intel\Intel(R) Management Engine Components\DAL;C:\Program Files (x86)\Intel\Intel(R) Management Engine Components\IPT;
USERNAME=nakayama.nobuo
OS=Windows_NT
PROCESSOR_IDENTIFIER=Intel64 Family 6 Model 69 Stepping 1, GenuineIntel



---------------  S Y S T E M  ---------------

OS: Windows 7 , 64 bit Build 7601 (6.1.7601.18798)

CPU:total 4 (2 cores per cpu, 2 threads per core) family 6 model 69 stepping 1, cmov, cx8, fxsr, mmx, sse, sse2, sse3, ssse3, sse4.1, sse4.2, popcnt, avx, avx2, aes, clmul, erms, lzcnt, ht, tsc, tscinvbit, bmi1, bmi2

Memory: 4k page, physical 8307056k(2476384k free), swap 16612260k(8965280k free)

vm_info: Java HotSpot(TM) 64-Bit Server VM (25.40-b25) for windows-amd64 JRE (1.8.0_40-b26), built on Mar  7 2015 13:51:59 by "java_re" with MS VC++ 10.0 (VS2010)

time: Fri May 01 13:48:00 2015
elapsed time: 9403 seconds (0d 2h 36m 43s)

